<?xml version="1.0" encoding="UTF-8"?>
<!-- Generated by org.testng.reporters.JUnitXMLReporter -->
<testsuite hostname="DESKTOP-MS6U17S" ignored="0" name="Test" tests="4" failures="0" timestamp="2022-03-19T10:25:57 IST" time="182.652" errors="0">
  <testcase name="ExternalDataTest" time="31.7" classname="testcases.LoginTest"/>
  <testcase name="LoginFailiureTest" time="24.307" classname="testcases.LoginTest"/>
  <testcase name="LoginSuccessTest" time="16.537" classname="testcases.LoginTest"/>
  <testcase name="ParameterizedTest" time="22.293" classname="testcases.LoginTest"/>
</testsuite> <!-- Test -->
