<?xml version="1.0" encoding="UTF-8"?>
<testng-results skipped="0" failed="0" ignored="0" total="4" passed="4">
  <reporter-output>
  </reporter-output>
  <suite name="Suite" duration-ms="182652" started-at="2022-03-19T10:22:54 IST" finished-at="2022-03-19T10:25:57 IST">
    <groups>
    </groups>
    <test name="Test" duration-ms="182652" started-at="2022-03-19T10:22:54 IST" finished-at="2022-03-19T10:25:57 IST">
      <class name="testcases.LoginTest">
        <test-method status="PASS" signature="DataSetUP()[pri:0, instance:testcases.LoginTest@57e1b0c]" name="DataSetUP" is-config="true" duration-ms="1081" started-at="2022-03-19T10:22:54 IST" finished-at="2022-03-19T10:22:55 IST">
          <reporter-output>
          </reporter-output>
        </test-method> <!-- DataSetUP -->
        <test-method status="PASS" signature="Setup(java.lang.reflect.Method)[pri:0, instance:testcases.LoginTest@57e1b0c]" name="Setup" is-config="true" duration-ms="50287" started-at="2022-03-19T10:22:55 IST" finished-at="2022-03-19T10:23:46 IST">
          <params>
            <param index="0">
              <value>
                <![CDATA[public void testcases.LoginTest.ExternalDataTest()]]>
              </value>
            </param>
          </params>
          <reporter-output>
          </reporter-output>
        </test-method> <!-- Setup -->
        <test-method status="PASS" signature="ExternalDataTest()[pri:0, instance:testcases.LoginTest@57e1b0c]" name="ExternalDataTest" duration-ms="31700" started-at="2022-03-19T10:23:46 IST" finished-at="2022-03-19T10:24:17 IST">
          <reporter-output>
          </reporter-output>
        </test-method> <!-- ExternalDataTest -->
        <test-method status="PASS" signature="TearDown()[pri:0, instance:testcases.LoginTest@57e1b0c]" name="TearDown" is-config="true" duration-ms="2293" started-at="2022-03-19T10:24:17 IST" finished-at="2022-03-19T10:24:20 IST">
          <reporter-output>
          </reporter-output>
        </test-method> <!-- TearDown -->
        <test-method status="PASS" signature="Setup(java.lang.reflect.Method)[pri:0, instance:testcases.LoginTest@57e1b0c]" name="Setup" is-config="true" duration-ms="12366" started-at="2022-03-19T10:24:20 IST" finished-at="2022-03-19T10:24:32 IST">
          <params>
            <param index="0">
              <value>
                <![CDATA[public void testcases.LoginTest.LoginFailiureTest()]]>
              </value>
            </param>
          </params>
          <reporter-output>
          </reporter-output>
        </test-method> <!-- Setup -->
        <test-method status="PASS" signature="LoginFailiureTest()[pri:0, instance:testcases.LoginTest@57e1b0c]" name="LoginFailiureTest" duration-ms="24307" started-at="2022-03-19T10:24:32 IST" finished-at="2022-03-19T10:24:56 IST">
          <reporter-output>
          </reporter-output>
        </test-method> <!-- LoginFailiureTest -->
        <test-method status="PASS" signature="TearDown()[pri:0, instance:testcases.LoginTest@57e1b0c]" name="TearDown" is-config="true" duration-ms="1555" started-at="2022-03-19T10:24:56 IST" finished-at="2022-03-19T10:24:58 IST">
          <reporter-output>
          </reporter-output>
        </test-method> <!-- TearDown -->
        <test-method status="PASS" signature="Setup(java.lang.reflect.Method)[pri:0, instance:testcases.LoginTest@57e1b0c]" name="Setup" is-config="true" duration-ms="9209" started-at="2022-03-19T10:24:58 IST" finished-at="2022-03-19T10:25:07 IST">
          <params>
            <param index="0">
              <value>
                <![CDATA[public void testcases.LoginTest.LoginSuccessTest()]]>
              </value>
            </param>
          </params>
          <reporter-output>
          </reporter-output>
        </test-method> <!-- Setup -->
        <test-method status="PASS" signature="LoginSuccessTest()[pri:0, instance:testcases.LoginTest@57e1b0c]" name="LoginSuccessTest" duration-ms="16537" started-at="2022-03-19T10:25:07 IST" finished-at="2022-03-19T10:25:23 IST">
          <reporter-output>
          </reporter-output>
        </test-method> <!-- LoginSuccessTest -->
        <test-method status="PASS" signature="TearDown()[pri:0, instance:testcases.LoginTest@57e1b0c]" name="TearDown" is-config="true" duration-ms="1445" started-at="2022-03-19T10:25:23 IST" finished-at="2022-03-19T10:25:25 IST">
          <reporter-output>
          </reporter-output>
        </test-method> <!-- TearDown -->
        <test-method status="PASS" signature="Setup(java.lang.reflect.Method)[pri:0, instance:testcases.LoginTest@57e1b0c]" name="Setup" is-config="true" duration-ms="6931" started-at="2022-03-19T10:25:25 IST" finished-at="2022-03-19T10:25:32 IST">
          <params>
            <param index="0">
              <value>
                <![CDATA[public void testcases.LoginTest.ParameterizedTest(java.lang.String,java.lang.String)]]>
              </value>
            </param>
          </params>
          <reporter-output>
          </reporter-output>
        </test-method> <!-- Setup -->
        <test-method status="PASS" signature="ParameterizedTest(java.lang.String,java.lang.String)[pri:0, instance:testcases.LoginTest@57e1b0c]" name="ParameterizedTest" duration-ms="22293" started-at="2022-03-19T10:25:32 IST" finished-at="2022-03-19T10:25:54 IST">
          <params>
            <param index="0">
              <value>
                <![CDATA[xyz@abc.com]]>
              </value>
            </param>
            <param index="1">
              <value>
                <![CDATA[Abc@12345]]>
              </value>
            </param>
          </params>
          <reporter-output>
          </reporter-output>
        </test-method> <!-- ParameterizedTest -->
        <test-method status="PASS" signature="TearDown()[pri:0, instance:testcases.LoginTest@57e1b0c]" name="TearDown" is-config="true" duration-ms="1504" started-at="2022-03-19T10:25:54 IST" finished-at="2022-03-19T10:25:56 IST">
          <reporter-output>
          </reporter-output>
        </test-method> <!-- TearDown -->
        <test-method status="PASS" signature="DataTearDown()[pri:0, instance:testcases.LoginTest@57e1b0c]" name="DataTearDown" is-config="true" duration-ms="1076" started-at="2022-03-19T10:25:56 IST" finished-at="2022-03-19T10:25:57 IST">
          <reporter-output>
          </reporter-output>
        </test-method> <!-- DataTearDown -->
      </class> <!-- testcases.LoginTest -->
    </test> <!-- Test -->
  </suite> <!-- Suite -->
</testng-results>
