<?xml version="1.0" encoding="UTF-8"?>
<testng-results ignored="3" total="4" passed="1" failed="0" skipped="0">
  <reporter-output>
  </reporter-output>
  <suite started-at="2022-03-13T09:28:32 IST" name="Default suite" finished-at="2022-03-13T09:31:32 IST" duration-ms="179733">
    <groups>
    </groups>
    <test started-at="2022-03-13T09:28:32 IST" name="Default test" finished-at="2022-03-13T09:31:32 IST" duration-ms="179733">
      <class name="testcases.LoginTest">
        <test-method is-config="true" signature="DataSetUP()[pri:0, instance:testcases.LoginTest@f5acb9d]" started-at="2022-03-13T09:28:32 IST" name="DataSetUP" finished-at="2022-03-13T09:28:35 IST" duration-ms="3376" status="PASS">
          <reporter-output>
          </reporter-output>
        </test-method> <!-- DataSetUP -->
        <test-method is-config="true" signature="Setup()[pri:0, instance:testcases.LoginTest@f5acb9d]" started-at="2022-03-13T09:28:35 IST" name="Setup" finished-at="2022-03-13T09:30:19 IST" duration-ms="103194" status="PASS">
          <reporter-output>
          </reporter-output>
        </test-method> <!-- Setup -->
        <test-method signature="LoginFailiureTest()[pri:0, instance:testcases.LoginTest@f5acb9d]" started-at="2022-03-13T09:30:19 IST" name="LoginFailiureTest" finished-at="2022-03-13T09:31:22 IST" duration-ms="63337" status="PASS">
          <reporter-output>
          </reporter-output>
        </test-method> <!-- LoginFailiureTest -->
        <test-method is-config="true" signature="TearDown()[pri:0, instance:testcases.LoginTest@f5acb9d]" started-at="2022-03-13T09:31:22 IST" name="TearDown" finished-at="2022-03-13T09:31:31 IST" duration-ms="8661" status="PASS">
          <reporter-output>
          </reporter-output>
        </test-method> <!-- TearDown -->
        <test-method is-config="true" signature="DataTearDown()[pri:0, instance:testcases.LoginTest@f5acb9d]" started-at="2022-03-13T09:31:31 IST" name="DataTearDown" finished-at="2022-03-13T09:31:32 IST" duration-ms="1016" status="PASS">
          <reporter-output>
          </reporter-output>
        </test-method> <!-- DataTearDown -->
      </class> <!-- testcases.LoginTest -->
    </test> <!-- Default test -->
  </suite> <!-- Default suite -->
</testng-results>
